Flow report for pratica3
Tue Nov 19 09:06:56 2024
Quartus Prime Version 23.1std.1 Build 993 05/14/2024 SC Lite Edition


---------------------
; Table of Contents ;
---------------------
  1. Legal Notice
  2. Flow Summary
  3. Flow Settings
  4. Flow Non-Default Global Settings
  5. Flow Elapsed Time
  6. Flow OS Summary
  7. Flow Log
  8. Flow Messages
  9. Flow Suppressed Messages



----------------
; Legal Notice ;
----------------
Copyright (C) 2024  Intel Corporation. All rights reserved.
Your use of Intel Corporation's design tools, logic functions 
and other software and tools, and any partner logic 
functions, and any output files from any of the foregoing 
(including device programming or simulation files), and any 
associated documentation or information are expressly subject 
to the terms and conditions of the Intel Program License 
Subscription Agreement, the Intel Quartus Prime License Agreement,
the Intel FPGA IP License Agreement, or other applicable license
agreement, including, without limitation, that your use is for
the sole purpose of programming logic devices manufactured by
Intel and sold by Intel or its authorized distributors.  Please
refer to the applicable agreement for further details, at
https://fpgasoftware.intel.com/eula.



+----------------------------------------------------------------------------------+
; Flow Summary                                                                     ;
+---------------------------------+------------------------------------------------+
; Flow Status                     ; Successful - Tue Nov 19 09:06:56 2024          ;
; Quartus Prime Version           ; 23.1std.1 Build 993 05/14/2024 SC Lite Edition ;
; Revision Name                   ; pratica3                                       ;
; Top-level Entity Name           ; pratica3                                       ;
; Family                          ; Cyclone V                                      ;
; Device                          ; 5CSXFC6D6F31C6                                 ;
; Timing Models                   ; Final                                          ;
; Logic utilization (in ALMs)     ; 13 / 41,910 ( < 1 % )                          ;
; Total registers                 ; 27                                             ;
; Total pins                      ; 9 / 499 ( 2 % )                                ;
; Total virtual pins              ; 0                                              ;
; Total block memory bits         ; 512 / 5,662,720 ( < 1 % )                      ;
; Total DSP Blocks                ; 0 / 112 ( 0 % )                                ;
; Total HSSI RX PCSs              ; 0 / 9 ( 0 % )                                  ;
; Total HSSI PMA RX Deserializers ; 0 / 9 ( 0 % )                                  ;
; Total HSSI TX PCSs              ; 0 / 9 ( 0 % )                                  ;
; Total HSSI PMA TX Serializers   ; 0 / 9 ( 0 % )                                  ;
; Total PLLs                      ; 0 / 15 ( 0 % )                                 ;
; Total DLLs                      ; 0 / 4 ( 0 % )                                  ;
+---------------------------------+------------------------------------------------+


+-----------------------------------------+
; Flow Settings                           ;
+-------------------+---------------------+
; Option            ; Setting             ;
+-------------------+---------------------+
; Start date & time ; 11/19/2024 09:05:59 ;
; Main task         ; Compilation         ;
; Revision Name     ; pratica3            ;
+-------------------+---------------------+


+------------------------------------------------------------------------------------------------------------------------------------------------+
; Flow Non-Default Global Settings                                                                                                               ;
+-------------------------------------+----------------------------------------+---------------+-------------+-----------------------------------+
; Assignment Name                     ; Value                                  ; Default Value ; Entity Name ; Section Id                        ;
+-------------------------------------+----------------------------------------+---------------+-------------+-----------------------------------+
; COMPILER_SIGNATURE_ID               ; 171983379334214.173201795908704        ; --            ; --          ; --                                ;
; EDA_GENERATE_FUNCTIONAL_NETLIST     ; Off                                    ; --            ; --          ; eda_board_design_timing           ;
; EDA_GENERATE_FUNCTIONAL_NETLIST     ; Off                                    ; --            ; --          ; eda_board_design_boundary_scan    ;
; EDA_GENERATE_FUNCTIONAL_NETLIST     ; Off                                    ; --            ; --          ; eda_board_design_signal_integrity ;
; EDA_GENERATE_FUNCTIONAL_NETLIST     ; Off                                    ; --            ; --          ; eda_board_design_symbol           ;
; EDA_OUTPUT_DATA_FORMAT              ; Verilog Hdl                            ; --            ; --          ; eda_simulation                    ;
; EDA_SIMULATION_TOOL                 ; Questa Intel FPGA (Verilog)            ; <None>        ; --          ; --                                ;
; EDA_TIME_SCALE                      ; 1 ps                                   ; --            ; --          ; eda_simulation                    ;
; MAX_CORE_JUNCTION_TEMP              ; 85                                     ; --            ; --          ; --                                ;
; MIN_CORE_JUNCTION_TEMP              ; 0                                      ; --            ; --          ; --                                ;
; MISC_FILE                           ; rom1port.bsf                           ; --            ; --          ; --                                ;
; MISC_FILE                           ; rom1port_inst.v                        ; --            ; --          ; --                                ;
; MISC_FILE                           ; rom1port_bb.v                          ; --            ; --          ; --                                ;
; MISC_FILE                           ; rom1port.inc                           ; --            ; --          ; --                                ;
; MISC_FILE                           ; rom1port.cmp                           ; --            ; --          ; --                                ;
; MISC_FILE                           ; counter.bsf                            ; --            ; --          ; --                                ;
; MISC_FILE                           ; counter_inst.v                         ; --            ; --          ; --                                ;
; MISC_FILE                           ; counter_bb.v                           ; --            ; --          ; --                                ;
; MISC_FILE                           ; counter.inc                            ; --            ; --          ; --                                ;
; MISC_FILE                           ; counter.cmp                            ; --            ; --          ; --                                ;
; MISC_FILE                           ; dvide.bsf                              ; --            ; --          ; --                                ;
; MISC_FILE                           ; dvide_inst.v                           ; --            ; --          ; --                                ;
; MISC_FILE                           ; dvide_bb.v                             ; --            ; --          ; --                                ;
; MISC_FILE                           ; dvide.inc                              ; --            ; --          ; --                                ;
; MISC_FILE                           ; dvide.cmp                              ; --            ; --          ; --                                ;
; MISC_FILE                           ; counter2.bsf                           ; --            ; --          ; --                                ;
; MISC_FILE                           ; counter2_inst.v                        ; --            ; --          ; --                                ;
; MISC_FILE                           ; counter2_bb.v                          ; --            ; --          ; --                                ;
; MISC_FILE                           ; counter2.inc                           ; --            ; --          ; --                                ;
; MISC_FILE                           ; counter2.cmp                           ; --            ; --          ; --                                ;
; PARTITION_COLOR                     ; -- (Not supported for targeted family) ; --            ; --          ; Top                               ;
; PARTITION_FITTER_PRESERVATION_LEVEL ; -- (Not supported for targeted family) ; --            ; --          ; Top                               ;
; PARTITION_NETLIST_TYPE              ; -- (Not supported for targeted family) ; --            ; --          ; Top                               ;
; PROJECT_OUTPUT_DIRECTORY            ; output_files                           ; --            ; --          ; --                                ;
+-------------------------------------+----------------------------------------+---------------+-------------+-----------------------------------+


+--------------------------------------------------------------------------------------------------------------------------+
; Flow Elapsed Time                                                                                                        ;
+----------------------+--------------+-------------------------+---------------------+------------------------------------+
; Module Name          ; Elapsed Time ; Average Processors Used ; Peak Virtual Memory ; Total CPU Time (on all processors) ;
+----------------------+--------------+-------------------------+---------------------+------------------------------------+
; Analysis & Synthesis ; 00:00:07     ; 1.0                     ; 4893 MB             ; 00:00:08                           ;
; Fitter               ; 00:00:35     ; 1.0                     ; 7414 MB             ; 00:01:23                           ;
; Assembler            ; 00:00:05     ; 1.0                     ; 4877 MB             ; 00:00:05                           ;
; Timing Analyzer      ; 00:00:05     ; 1.1                     ; 5281 MB             ; 00:00:04                           ;
; EDA Netlist Writer   ; 00:00:01     ; 1.0                     ; 4739 MB             ; 00:00:01                           ;
; Total                ; 00:00:53     ; --                      ; --                  ; 00:01:41                           ;
+----------------------+--------------+-------------------------+---------------------+------------------------------------+


+------------------------------------------------------------------------------------+
; Flow OS Summary                                                                    ;
+----------------------+------------------+------------+------------+----------------+
; Module Name          ; Machine Hostname ; OS Name    ; OS Version ; Processor type ;
+----------------------+------------------+------------+------------+----------------+
; Analysis & Synthesis ; CP-DK-201571     ; Windows 10 ; 10.0       ; x86_64         ;
; Fitter               ; CP-DK-201571     ; Windows 10 ; 10.0       ; x86_64         ;
; Assembler            ; CP-DK-201571     ; Windows 10 ; 10.0       ; x86_64         ;
; Timing Analyzer      ; CP-DK-201571     ; Windows 10 ; 10.0       ; x86_64         ;
; EDA Netlist Writer   ; CP-DK-201571     ; Windows 10 ; 10.0       ; x86_64         ;
+----------------------+------------------+------------+------------+----------------+


------------
; Flow Log ;
------------
quartus_map --read_settings_files=on --write_settings_files=off pratica3 -c pratica3
quartus_fit --read_settings_files=off --write_settings_files=off pratica3 -c pratica3
quartus_asm --read_settings_files=off --write_settings_files=off pratica3 -c pratica3
quartus_sta pratica3 -c pratica3
quartus_eda --read_settings_files=off --write_settings_files=off pratica3 -c pratica3



